<?xml version="1.0" encoding="UTF-8"?>
<testsuite xmlns:xsi="http://www.w3.org/2001/XMLSchema-instance" xsi:noNamespaceSchemaLocation="https://maven.apache.org/surefire/maven-surefire-plugin/xsd/surefire-test-report.xsd" name="TestSuite" time="29.684" tests="2" errors="0" skipped="0" failures="2">
  <properties>
    <property name="gopherProxySet" value="false"/>
    <property name="awt.toolkit" value="sun.lwawt.macosx.LWCToolkit"/>
    <property name="file.encoding.pkg" value="sun.io"/>
    <property name="java.specification.version" value="1.8"/>
    <property name="sun.cpu.isalist" value=""/>
    <property name="sun.jnu.encoding" value="UTF-8"/>
    <property name="java.class.path" value="/Users/mohammadsharkar/eclipse-workspace/AmazonBDDTestAutomation/target/test-classes:/Users/mohammadsharkar/eclipse-workspace/AmazonBDDTestAutomation/target/classes:/Users/mohammadsharkar/.m2/repository/info/cukes/cucumber-java/1.2.5/cucumber-java-1.2.5.jar:/Users/mohammadsharkar/.m2/repository/info/cukes/cucumber-core/1.2.5/cucumber-core-1.2.5.jar:/Users/mohammadsharkar/.m2/repository/info/cukes/cucumber-html/0.2.3/cucumber-html-0.2.3.jar:/Users/mohammadsharkar/.m2/repository/info/cukes/cucumber-jvm-deps/1.0.5/cucumber-jvm-deps-1.0.5.jar:/Users/mohammadsharkar/.m2/repository/info/cukes/gherkin/2.12.2/gherkin-2.12.2.jar:/Users/mohammadsharkar/.m2/repository/info/cukes/cucumber-testng/1.2.5/cucumber-testng-1.2.5.jar:/Users/mohammadsharkar/.m2/repository/org/testng/testng/6.9.10/testng-6.9.10.jar:/Users/mohammadsharkar/.m2/repository/com/beust/jcommander/1.48/jcommander-1.48.jar:/Users/mohammadsharkar/.m2/repository/org/beanshell/bsh/2.0b4/bsh-2.0b4.jar:/Users/mohammadsharkar/.m2/repository/org/seleniumhq/selenium/selenium-java/3.141.59/selenium-java-3.141.59.jar:/Users/mohammadsharkar/.m2/repository/org/seleniumhq/selenium/selenium-api/3.141.59/selenium-api-3.141.59.jar:/Users/mohammadsharkar/.m2/repository/org/seleniumhq/selenium/selenium-chrome-driver/3.141.59/selenium-chrome-driver-3.141.59.jar:/Users/mohammadsharkar/.m2/repository/org/seleniumhq/selenium/selenium-edge-driver/3.141.59/selenium-edge-driver-3.141.59.jar:/Users/mohammadsharkar/.m2/repository/org/seleniumhq/selenium/selenium-firefox-driver/3.141.59/selenium-firefox-driver-3.141.59.jar:/Users/mohammadsharkar/.m2/repository/org/seleniumhq/selenium/selenium-ie-driver/3.141.59/selenium-ie-driver-3.141.59.jar:/Users/mohammadsharkar/.m2/repository/org/seleniumhq/selenium/selenium-opera-driver/3.141.59/selenium-opera-driver-3.141.59.jar:/Users/mohammadsharkar/.m2/repository/org/seleniumhq/selenium/selenium-remote-driver/3.141.59/selenium-remote-driver-3.141.59.jar:/Users/mohammadsharkar/.m2/repository/org/seleniumhq/selenium/selenium-safari-driver/3.141.59/selenium-safari-driver-3.141.59.jar:/Users/mohammadsharkar/.m2/repository/org/seleniumhq/selenium/selenium-support/3.141.59/selenium-support-3.141.59.jar:/Users/mohammadsharkar/.m2/repository/net/bytebuddy/byte-buddy/1.8.15/byte-buddy-1.8.15.jar:/Users/mohammadsharkar/.m2/repository/org/apache/commons/commons-exec/1.3/commons-exec-1.3.jar:/Users/mohammadsharkar/.m2/repository/com/google/guava/guava/25.0-jre/guava-25.0-jre.jar:/Users/mohammadsharkar/.m2/repository/com/google/code/findbugs/jsr305/1.3.9/jsr305-1.3.9.jar:/Users/mohammadsharkar/.m2/repository/org/checkerframework/checker-compat-qual/2.0.0/checker-compat-qual-2.0.0.jar:/Users/mohammadsharkar/.m2/repository/com/google/errorprone/error_prone_annotations/2.1.3/error_prone_annotations-2.1.3.jar:/Users/mohammadsharkar/.m2/repository/com/google/j2objc/j2objc-annotations/1.1/j2objc-annotations-1.1.jar:/Users/mohammadsharkar/.m2/repository/org/codehaus/mojo/animal-sniffer-annotations/1.14/animal-sniffer-annotations-1.14.jar:/Users/mohammadsharkar/.m2/repository/com/squareup/okhttp3/okhttp/3.11.0/okhttp-3.11.0.jar:/Users/mohammadsharkar/.m2/repository/com/squareup/okio/okio/1.14.0/okio-1.14.0.jar:/Users/mohammadsharkar/.m2/repository/net/masterthought/cucumber-reporting/3.8.0/cucumber-reporting-3.8.0.jar:/Users/mohammadsharkar/.m2/repository/org/apache/logging/log4j/log4j-api/2.6/log4j-api-2.6.jar:/Users/mohammadsharkar/.m2/repository/org/apache/logging/log4j/log4j-core/2.6/log4j-core-2.6.jar:/Users/mohammadsharkar/.m2/repository/com/fasterxml/jackson/core/jackson-databind/2.8.5/jackson-databind-2.8.5.jar:/Users/mohammadsharkar/.m2/repository/com/fasterxml/jackson/core/jackson-annotations/2.8.0/jackson-annotations-2.8.0.jar:/Users/mohammadsharkar/.m2/repository/com/fasterxml/jackson/core/jackson-core/2.8.5/jackson-core-2.8.5.jar:/Users/mohammadsharkar/.m2/repository/org/apache/velocity/velocity/1.7/velocity-1.7.jar:/Users/mohammadsharkar/.m2/repository/commons-collections/commons-collections/3.2.1/commons-collections-3.2.1.jar:/Users/mohammadsharkar/.m2/repository/commons-lang/commons-lang/2.4/commons-lang-2.4.jar:/Users/mohammadsharkar/.m2/repository/velocity-tools/velocity-tools/1.4/velocity-tools-1.4.jar:/Users/mohammadsharkar/.m2/repository/joda-time/joda-time/2.9.6/joda-time-2.9.6.jar:/Users/mohammadsharkar/.m2/repository/org/apache/commons/commons-lang3/3.5/commons-lang3-3.5.jar:/Users/mohammadsharkar/.m2/repository/commons-io/commons-io/2.5/commons-io-2.5.jar:/Users/mohammadsharkar/.m2/repository/net/lingala/zip4j/zip4j/1.3.2/zip4j-1.3.2.jar:/Users/mohammadsharkar/.m2/repository/org/codehaus/plexus/plexus-utils/3.0.24/plexus-utils-3.0.24.jar:/Users/mohammadsharkar/.m2/repository/org/jsoup/jsoup/1.10.1/jsoup-1.10.1.jar:/Users/mohammadsharkar/.m2/repository/com/googlecode/owasp-java-html-sanitizer/owasp-java-html-sanitizer/20160924.1/owasp-java-html-sanitizer-20160924.1.jar:/Users/mohammadsharkar/.m2/repository/log4j/log4j/1.2.17/log4j-1.2.17.jar:/Users/mohammadsharkar/.m2/repository/io/github/bonigarcia/webdrivermanager/3.6.2/webdrivermanager-3.6.2.jar:/Users/mohammadsharkar/.m2/repository/com/google/code/gson/gson/2.8.5/gson-2.8.5.jar:/Users/mohammadsharkar/.m2/repository/org/apache/httpcomponents/httpclient/4.5.6/httpclient-4.5.6.jar:/Users/mohammadsharkar/.m2/repository/org/apache/httpcomponents/httpcore/4.4.10/httpcore-4.4.10.jar:/Users/mohammadsharkar/.m2/repository/commons-logging/commons-logging/1.2/commons-logging-1.2.jar:/Users/mohammadsharkar/.m2/repository/commons-codec/commons-codec/1.10/commons-codec-1.10.jar:/Users/mohammadsharkar/.m2/repository/org/rauschig/jarchivelib/1.0.0/jarchivelib-1.0.0.jar:/Users/mohammadsharkar/.m2/repository/org/apache/commons/commons-compress/1.18/commons-compress-1.18.jar:/Users/mohammadsharkar/.m2/repository/org/slf4j/slf4j-api/1.7.5/slf4j-api-1.7.5.jar:/Users/mohammadsharkar/.m2/repository/org/slf4j/slf4j-simple/1.6.4/slf4j-simple-1.6.4.jar:"/>
    <property name="java.vm.vendor" value="Oracle Corporation"/>
    <property name="sun.arch.data.model" value="64"/>
    <property name="java.vendor.url" value="http://java.oracle.com/"/>
    <property name="user.timezone" value=""/>
    <property name="java.vm.specification.version" value="1.8"/>
    <property name="os.name" value="Mac OS X"/>
    <property name="user.country" value="US"/>
    <property name="sun.java.launcher" value="SUN_STANDARD"/>
    <property name="sun.boot.library.path" value="/Library/Java/JavaVirtualMachines/jdk1.8.0_221.jdk/Contents/Home/jre/lib"/>
    <property name="sun.java.command" value="/Users/mohammadsharkar/eclipse-workspace/AmazonBDDTestAutomation/target/surefire/surefirebooter4128844554319577050.jar /Users/mohammadsharkar/eclipse-workspace/AmazonBDDTestAutomation/target/surefire 2020-01-02T21-55-41_982-jvmRun1 surefire6771633575821026481tmp surefire_06910460982684274249tmp"/>
    <property name="http.nonProxyHosts" value="local|*.local|169.254/16|*.169.254/16"/>
    <property name="surefire.test.class.path" value="/Users/mohammadsharkar/eclipse-workspace/AmazonBDDTestAutomation/target/test-classes:/Users/mohammadsharkar/eclipse-workspace/AmazonBDDTestAutomation/target/classes:/Users/mohammadsharkar/.m2/repository/info/cukes/cucumber-java/1.2.5/cucumber-java-1.2.5.jar:/Users/mohammadsharkar/.m2/repository/info/cukes/cucumber-core/1.2.5/cucumber-core-1.2.5.jar:/Users/mohammadsharkar/.m2/repository/info/cukes/cucumber-html/0.2.3/cucumber-html-0.2.3.jar:/Users/mohammadsharkar/.m2/repository/info/cukes/cucumber-jvm-deps/1.0.5/cucumber-jvm-deps-1.0.5.jar:/Users/mohammadsharkar/.m2/repository/info/cukes/gherkin/2.12.2/gherkin-2.12.2.jar:/Users/mohammadsharkar/.m2/repository/info/cukes/cucumber-testng/1.2.5/cucumber-testng-1.2.5.jar:/Users/mohammadsharkar/.m2/repository/org/testng/testng/6.9.10/testng-6.9.10.jar:/Users/mohammadsharkar/.m2/repository/com/beust/jcommander/1.48/jcommander-1.48.jar:/Users/mohammadsharkar/.m2/repository/org/beanshell/bsh/2.0b4/bsh-2.0b4.jar:/Users/mohammadsharkar/.m2/repository/org/seleniumhq/selenium/selenium-java/3.141.59/selenium-java-3.141.59.jar:/Users/mohammadsharkar/.m2/repository/org/seleniumhq/selenium/selenium-api/3.141.59/selenium-api-3.141.59.jar:/Users/mohammadsharkar/.m2/repository/org/seleniumhq/selenium/selenium-chrome-driver/3.141.59/selenium-chrome-driver-3.141.59.jar:/Users/mohammadsharkar/.m2/repository/org/seleniumhq/selenium/selenium-edge-driver/3.141.59/selenium-edge-driver-3.141.59.jar:/Users/mohammadsharkar/.m2/repository/org/seleniumhq/selenium/selenium-firefox-driver/3.141.59/selenium-firefox-driver-3.141.59.jar:/Users/mohammadsharkar/.m2/repository/org/seleniumhq/selenium/selenium-ie-driver/3.141.59/selenium-ie-driver-3.141.59.jar:/Users/mohammadsharkar/.m2/repository/org/seleniumhq/selenium/selenium-opera-driver/3.141.59/selenium-opera-driver-3.141.59.jar:/Users/mohammadsharkar/.m2/repository/org/seleniumhq/selenium/selenium-remote-driver/3.141.59/selenium-remote-driver-3.141.59.jar:/Users/mohammadsharkar/.m2/repository/org/seleniumhq/selenium/selenium-safari-driver/3.141.59/selenium-safari-driver-3.141.59.jar:/Users/mohammadsharkar/.m2/repository/org/seleniumhq/selenium/selenium-support/3.141.59/selenium-support-3.141.59.jar:/Users/mohammadsharkar/.m2/repository/net/bytebuddy/byte-buddy/1.8.15/byte-buddy-1.8.15.jar:/Users/mohammadsharkar/.m2/repository/org/apache/commons/commons-exec/1.3/commons-exec-1.3.jar:/Users/mohammadsharkar/.m2/repository/com/google/guava/guava/25.0-jre/guava-25.0-jre.jar:/Users/mohammadsharkar/.m2/repository/com/google/code/findbugs/jsr305/1.3.9/jsr305-1.3.9.jar:/Users/mohammadsharkar/.m2/repository/org/checkerframework/checker-compat-qual/2.0.0/checker-compat-qual-2.0.0.jar:/Users/mohammadsharkar/.m2/repository/com/google/errorprone/error_prone_annotations/2.1.3/error_prone_annotations-2.1.3.jar:/Users/mohammadsharkar/.m2/repository/com/google/j2objc/j2objc-annotations/1.1/j2objc-annotations-1.1.jar:/Users/mohammadsharkar/.m2/repository/org/codehaus/mojo/animal-sniffer-annotations/1.14/animal-sniffer-annotations-1.14.jar:/Users/mohammadsharkar/.m2/repository/com/squareup/okhttp3/okhttp/3.11.0/okhttp-3.11.0.jar:/Users/mohammadsharkar/.m2/repository/com/squareup/okio/okio/1.14.0/okio-1.14.0.jar:/Users/mohammadsharkar/.m2/repository/net/masterthought/cucumber-reporting/3.8.0/cucumber-reporting-3.8.0.jar:/Users/mohammadsharkar/.m2/repository/org/apache/logging/log4j/log4j-api/2.6/log4j-api-2.6.jar:/Users/mohammadsharkar/.m2/repository/org/apache/logging/log4j/log4j-core/2.6/log4j-core-2.6.jar:/Users/mohammadsharkar/.m2/repository/com/fasterxml/jackson/core/jackson-databind/2.8.5/jackson-databind-2.8.5.jar:/Users/mohammadsharkar/.m2/repository/com/fasterxml/jackson/core/jackson-annotations/2.8.0/jackson-annotations-2.8.0.jar:/Users/mohammadsharkar/.m2/repository/com/fasterxml/jackson/core/jackson-core/2.8.5/jackson-core-2.8.5.jar:/Users/mohammadsharkar/.m2/repository/org/apache/velocity/velocity/1.7/velocity-1.7.jar:/Users/mohammadsharkar/.m2/repository/commons-collections/commons-collections/3.2.1/commons-collections-3.2.1.jar:/Users/mohammadsharkar/.m2/repository/commons-lang/commons-lang/2.4/commons-lang-2.4.jar:/Users/mohammadsharkar/.m2/repository/velocity-tools/velocity-tools/1.4/velocity-tools-1.4.jar:/Users/mohammadsharkar/.m2/repository/joda-time/joda-time/2.9.6/joda-time-2.9.6.jar:/Users/mohammadsharkar/.m2/repository/org/apache/commons/commons-lang3/3.5/commons-lang3-3.5.jar:/Users/mohammadsharkar/.m2/repository/commons-io/commons-io/2.5/commons-io-2.5.jar:/Users/mohammadsharkar/.m2/repository/net/lingala/zip4j/zip4j/1.3.2/zip4j-1.3.2.jar:/Users/mohammadsharkar/.m2/repository/org/codehaus/plexus/plexus-utils/3.0.24/plexus-utils-3.0.24.jar:/Users/mohammadsharkar/.m2/repository/org/jsoup/jsoup/1.10.1/jsoup-1.10.1.jar:/Users/mohammadsharkar/.m2/repository/com/googlecode/owasp-java-html-sanitizer/owasp-java-html-sanitizer/20160924.1/owasp-java-html-sanitizer-20160924.1.jar:/Users/mohammadsharkar/.m2/repository/log4j/log4j/1.2.17/log4j-1.2.17.jar:/Users/mohammadsharkar/.m2/repository/io/github/bonigarcia/webdrivermanager/3.6.2/webdrivermanager-3.6.2.jar:/Users/mohammadsharkar/.m2/repository/com/google/code/gson/gson/2.8.5/gson-2.8.5.jar:/Users/mohammadsharkar/.m2/repository/org/apache/httpcomponents/httpclient/4.5.6/httpclient-4.5.6.jar:/Users/mohammadsharkar/.m2/repository/org/apache/httpcomponents/httpcore/4.4.10/httpcore-4.4.10.jar:/Users/mohammadsharkar/.m2/repository/commons-logging/commons-logging/1.2/commons-logging-1.2.jar:/Users/mohammadsharkar/.m2/repository/commons-codec/commons-codec/1.10/commons-codec-1.10.jar:/Users/mohammadsharkar/.m2/repository/org/rauschig/jarchivelib/1.0.0/jarchivelib-1.0.0.jar:/Users/mohammadsharkar/.m2/repository/org/apache/commons/commons-compress/1.18/commons-compress-1.18.jar:/Users/mohammadsharkar/.m2/repository/org/slf4j/slf4j-api/1.7.5/slf4j-api-1.7.5.jar:/Users/mohammadsharkar/.m2/repository/org/slf4j/slf4j-simple/1.6.4/slf4j-simple-1.6.4.jar:"/>
    <property name="sun.cpu.endian" value="little"/>
    <property name="user.home" value="/Users/mohammadsharkar"/>
    <property name="user.language" value="en"/>
    <property name="java.specification.vendor" value="Oracle Corporation"/>
    <property name="java.home" value="/Library/Java/JavaVirtualMachines/jdk1.8.0_221.jdk/Contents/Home/jre"/>
    <property name="basedir" value="/Users/mohammadsharkar/eclipse-workspace/AmazonBDDTestAutomation"/>
    <property name="file.separator" value="/"/>
    <property name="line.separator" value="&#10;"/>
    <property name="java.vm.specification.vendor" value="Oracle Corporation"/>
    <property name="java.specification.name" value="Java Platform API Specification"/>
    <property name="java.awt.graphicsenv" value="sun.awt.CGraphicsEnvironment"/>
    <property name="surefire.real.class.path" value="/Users/mohammadsharkar/eclipse-workspace/AmazonBDDTestAutomation/target/surefire/surefirebooter4128844554319577050.jar"/>
    <property name="sun.boot.class.path" value="/Library/Java/JavaVirtualMachines/jdk1.8.0_221.jdk/Contents/Home/jre/lib/resources.jar:/Library/Java/JavaVirtualMachines/jdk1.8.0_221.jdk/Contents/Home/jre/lib/rt.jar:/Library/Java/JavaVirtualMachines/jdk1.8.0_221.jdk/Contents/Home/jre/lib/sunrsasign.jar:/Library/Java/JavaVirtualMachines/jdk1.8.0_221.jdk/Contents/Home/jre/lib/jsse.jar:/Library/Java/JavaVirtualMachines/jdk1.8.0_221.jdk/Contents/Home/jre/lib/jce.jar:/Library/Java/JavaVirtualMachines/jdk1.8.0_221.jdk/Contents/Home/jre/lib/charsets.jar:/Library/Java/JavaVirtualMachines/jdk1.8.0_221.jdk/Contents/Home/jre/lib/jfr.jar:/Library/Java/JavaVirtualMachines/jdk1.8.0_221.jdk/Contents/Home/jre/classes"/>
    <property name="sun.management.compiler" value="HotSpot 64-Bit Tiered Compilers"/>
    <property name="ftp.nonProxyHosts" value="local|*.local|169.254/16|*.169.254/16"/>
    <property name="java.runtime.version" value="1.8.0_221-b11"/>
    <property name="user.name" value="mohammadsharkar"/>
    <property name="path.separator" value=":"/>
    <property name="os.version" value="10.14.6"/>
    <property name="java.endorsed.dirs" value="/Library/Java/JavaVirtualMachines/jdk1.8.0_221.jdk/Contents/Home/jre/lib/endorsed"/>
    <property name="java.runtime.name" value="Java(TM) SE Runtime Environment"/>
    <property name="file.encoding" value="UTF-8"/>
    <property name="java.vm.name" value="Java HotSpot(TM) 64-Bit Server VM"/>
    <property name="localRepository" value="/Users/mohammadsharkar/.m2/repository"/>
    <property name="java.vendor.url.bug" value="http://bugreport.sun.com/bugreport/"/>
    <property name="java.io.tmpdir" value="/var/folders/cf/591wgxqs2w95pl72q8j2_5q00000gn/T/"/>
    <property name="java.version" value="1.8.0_221"/>
    <property name="user.dir" value="/Users/mohammadsharkar/eclipse-workspace/AmazonBDDTestAutomation"/>
    <property name="os.arch" value="x86_64"/>
    <property name="java.vm.specification.name" value="Java Virtual Machine Specification"/>
    <property name="java.awt.printerjob" value="sun.lwawt.macosx.CPrinterJob"/>
    <property name="sun.os.patch.level" value="unknown"/>
    <property name="java.library.path" value="/Users/mohammadsharkar/Library/Java/Extensions:/Library/Java/Extensions:/Network/Library/Java/Extensions:/System/Library/Java/Extensions:/usr/lib/java:."/>
    <property name="java.vm.info" value="mixed mode"/>
    <property name="java.vendor" value="Oracle Corporation"/>
    <property name="java.vm.version" value="25.221-b11"/>
    <property name="java.ext.dirs" value="/Users/mohammadsharkar/Library/Java/Extensions:/Library/Java/JavaVirtualMachines/jdk1.8.0_221.jdk/Contents/Home/jre/lib/ext:/Library/Java/Extensions:/Network/Library/Java/Extensions:/System/Library/Java/Extensions:/usr/lib/java"/>
    <property name="sun.io.unicode.encoding" value="UnicodeBig"/>
    <property name="java.class.version" value="52.0"/>
    <property name="socksNonProxyHosts" value="local|*.local|169.254/16|*.169.254/16"/>
  </properties>
  <testcase name="feature" classname="com.amazonbdd.test.qa.testRunner.TestRunner" time="14.727">
    <failure message="java.lang.AssertionError: Wedding Registry Page Title doesn&apos;t match expected [Amazon Wedding] but found []" type="cucumber.runtime.CucumberException">cucumber.runtime.CucumberException: java.lang.AssertionError: Wedding Registry Page Title doesn't match expected [Amazon Wedding] but found []
	at com.amazonbdd.test.qa.testRunner.TestRunner.feature(TestRunner.java:28)
Caused by: java.lang.AssertionError: Wedding Registry Page Title doesn't match expected [Amazon Wedding] but found []
</failure>
    <system-out><![CDATA[@WeddingRegistry
Feature: As an User
  I want to create weddding Registry with my credentails to Amazon application 
  In order to get access of the Registry wedding application features
2020-01-02 21:01:120 INFO  WaitHelper :20 - waiting for element visibilityOf..
2020-01-02 21:01:448 INFO  WaitHelper :23 - element is visible..
Wedding Registry Page title ::
2020-01-02 21:01:84 INFO  ServiceHooks :33 -  is Failed

  #This is declarative BDD, not line by line description
  Scenario:                                      &amp#27;[90m# registryPage.feature:8&amp#27;[0m
    &amp#27;[32mGiven &amp#27;[0m&amp#27;[32mI am on the Amazon page URL&amp#27;[0m            &amp#27;[90m# RegistryPageStepDefinitions.i_am_on_the_Amazon_page_URL()&amp#27;[0m
    &amp#27;[31mAnd &amp#27;[0m&amp#27;[31mI naviagate to Registry for Wedding&amp#27;[0m      &amp#27;[90m# RegistryPageStepDefinitions.i_naviagate_to_Registry_for_Wedding()&amp#27;[0m
      &amp#27;[31mjava.lang.AssertionError: Wedding Registry Page Title doesn't match expected [Amazon Wedding] but found []
      	at org.testng.Assert.fail(Assert.java:94)
      	at org.testng.Assert.failNotEquals(Assert.java:513)
      	at org.testng.Assert.assertEqualsImpl(Assert.java:135)
      	at org.testng.Assert.assertEquals(Assert.java:116)
      	at org.testng.Assert.assertEquals(Assert.java:190)
      	at com.amazonbdd.test.qa.stepdefinitions.RegistryPageStepDefinitions.i_naviagate_to_Registry_for_Wedding(RegistryPageStepDefinitions.java:41)
      	at ✽.And I naviagate to Registry for Wedding(registryPage.feature:10)
      &amp#27;[0m
    &amp#27;[36mWhen &amp#27;[0m&amp#27;[36mI click on Create Your Registry  button&amp#27;[0m &amp#27;[90m# RegistryPageStepDefinitions.i_click_on_Create_Your_Registry_button()&amp#27;[0m
    &amp#27;[36mAnd &amp#27;[0m&amp#27;[36mI Sign In with my credentails&amp#27;[0m            &amp#27;[90m# RegistryPageStepDefinitions.i_Sign_In_with_my_credentails()&amp#27;[0m
    &amp#27;[36mThen &amp#27;[0m&amp#27;[36mI can build the registry of my dreams&amp#27;[0m   &amp#27;[90m# RegistryPageStepDefinitions.i_can_build_the_registry_of_my_dreams()&amp#27;[0m
    &amp#27;[36mAnd &amp#27;[0m&amp#27;[36mI can see a greeting header by our name&amp#27;[0m  &amp#27;[90m# RegistryPageStepDefinitions.i_can_see_a_greeting_header_by_our_name()&amp#27;[0m
]]></system-out>
    <system-err><![CDATA[878 [main] INFO io.github.bonigarcia.wdm.WebDriverManager - Using chromedriver 79.0.3945.36 (since Google Chrome 79 is installed in your machine)
911 [main] INFO io.github.bonigarcia.wdm.WebDriverManager - Exporting webdriver.chrome.driver as /Users/mohammadsharkar/.m2/repository/webdriver/chromedriver/mac64/79.0.3945.36/chromedriver
Starting ChromeDriver 79.0.3945.36 (3582db32b33893869b8c1339e8f4d9ed1816f143-refs/branch-heads/3945@{#614}) on port 17162
Only local connections are allowed.
Please protect ports used by ChromeDriver and related test frameworks to prevent access by malicious code.
Jan 02, 2020 9:55:48 PM org.openqa.selenium.remote.ProtocolHandshake createSession
INFO: Detected dialect: W3C
]]></system-err>
  </testcase>
  <testcase name="feature" classname="com.amazonbdd.test.qa.testRunner.TestRunner" time="13.783">
    <failure message="org.openqa.selenium.JavascriptException: javascript error: document.getElementByClass is not a function&#10;  (Session info: chrome=79.0.3945.88)&#10;Build info: version: &apos;3.141.59&apos;, revision: &apos;e82be7d358&apos;, time: &apos;2018-11-14T08:17:03&apos;&#10;System info: host: &apos;Mohammads-MacBook-Air.local&apos;, ip: &apos;fe80:0:0:0:896:29e6:d18c:3e44%en0&apos;, os.name: &apos;Mac OS X&apos;, os.arch: &apos;x86_64&apos;, os.version: &apos;10.14.6&apos;, java.version: &apos;1.8.0_221&apos;&#10;Driver info: org.openqa.selenium.chrome.ChromeDriver&#10;Capabilities {acceptInsecureCerts: false, browserName: chrome, browserVersion: 79.0.3945.88, chrome: {chromedriverVersion: 79.0.3945.36 (3582db32b3389..., userDataDir: /var/folders/cf/591wgxqs2w9...}, goog:chromeOptions: {debuggerAddress: localhost:52493}, javascriptEnabled: true, networkConnectionEnabled: false, pageLoadStrategy: normal, platform: MAC, platformName: MAC, proxy: Proxy(), setWindowRect: true, strictFileInteractability: false, timeouts: {implicit: 0, pageLoad: 300000, script: 30000}, unhandledPromptBehavior: dismiss and notify}&#10;Session ID: 1bfebc61839ab82bf61aae4abc8bcd3c" type="cucumber.runtime.CucumberException">cucumber.runtime.CucumberException: 
org.openqa.selenium.JavascriptException: javascript error: document.getElementByClass is not a function
  (Session info: chrome=79.0.3945.88)
Build info: version: '3.141.59', revision: 'e82be7d358', time: '2018-11-14T08:17:03'
System info: host: 'Mohammads-MacBook-Air.local', ip: 'fe80:0:0:0:896:29e6:d18c:3e44%en0', os.name: 'Mac OS X', os.arch: 'x86_64', os.version: '10.14.6', java.version: '1.8.0_221'
Driver info: org.openqa.selenium.chrome.ChromeDriver
Capabilities {acceptInsecureCerts: false, browserName: chrome, browserVersion: 79.0.3945.88, chrome: {chromedriverVersion: 79.0.3945.36 (3582db32b3389..., userDataDir: /var/folders/cf/591wgxqs2w9...}, goog:chromeOptions: {debuggerAddress: localhost:52493}, javascriptEnabled: true, networkConnectionEnabled: false, pageLoadStrategy: normal, platform: MAC, platformName: MAC, proxy: Proxy(), setWindowRect: true, strictFileInteractability: false, timeouts: {implicit: 0, pageLoad: 300000, script: 30000}, unhandledPromptBehavior: dismiss and notify}
Session ID: 1bfebc61839ab82bf61aae4abc8bcd3c
	at com.amazonbdd.test.qa.testRunner.TestRunner.feature(TestRunner.java:28)
Caused by: org.openqa.selenium.JavascriptException: 
javascript error: document.getElementByClass is not a function
  (Session info: chrome=79.0.3945.88)
Build info: version: '3.141.59', revision: 'e82be7d358', time: '2018-11-14T08:17:03'
System info: host: 'Mohammads-MacBook-Air.local', ip: 'fe80:0:0:0:896:29e6:d18c:3e44%en0', os.name: 'Mac OS X', os.arch: 'x86_64', os.version: '10.14.6', java.version: '1.8.0_221'
Driver info: org.openqa.selenium.chrome.ChromeDriver
Capabilities {acceptInsecureCerts: false, browserName: chrome, browserVersion: 79.0.3945.88, chrome: {chromedriverVersion: 79.0.3945.36 (3582db32b3389..., userDataDir: /var/folders/cf/591wgxqs2w9...}, goog:chromeOptions: {debuggerAddress: localhost:52493}, javascriptEnabled: true, networkConnectionEnabled: false, pageLoadStrategy: normal, platform: MAC, platformName: MAC, proxy: Proxy(), setWindowRect: true, strictFileInteractability: false, timeouts: {implicit: 0, pageLoad: 300000, script: 30000}, unhandledPromptBehavior: dismiss and notify}
Session ID: 1bfebc61839ab82bf61aae4abc8bcd3c
</failure>
    <system-out><![CDATA[@SignIn
Feature: Sign In
  As an User
  I want to Sign In with my credentails to Amazon application 
  In order to get access of the application features
2020-01-02 21:01:903 INFO  WaitHelper :20 - waiting for element visibilityOf..
2020-01-02 21:01:130 INFO  WaitHelper :23 - element is visible..

  #This is imperative BDD, line by line description
  Background: User navigates to Application URL                    &amp#27;[90m# signinPage.feature:9&amp#27;[0m
    &amp#27;[32mGiven &amp#27;[0m&amp#27;[32mI am on the Amazon page URL "&amp#27;[0m&amp#27;[32m&amp#27;[1mhttps://www.amazon.com&amp#27;[0m&amp#27;[32m"&amp#27;[0m     &amp#27;[90m# SigninPageStepDefinitions.i_am_on_the_Amazon_page_URL(String)&amp#27;[0m
    &amp#27;[32mThen &amp#27;[0m&amp#27;[32mI should see the title and logo of the Amazon application&amp#27;[0m &amp#27;[90m# SigninPageStepDefinitions.i_should_see_the_title_and_logo_of_the_Amazon_application()&amp#27;[0m
Hello, Sign in
Account & Lists
38
Sign in
Start here.
Create a List
Find a Gift
Save Items from the Web
Wedding Registry
Baby Registry
Friends & Family Gifting
AmazonSmile Charity Lists
Pantry Lists
Your Hearts
Explore Idea Lists
Explore Showroom
Discover
Take the Home Style Quiz
Your Account
Your Orders
Your Lists
Your Recommendations
Your Subscribe & Save Items
Memberships & Subscriptions
Your Service Requests
Your Prime Membership
Your Garage
Your Fanshop
Your Pets
Start a Selling Account
Register for a Business Account
Your Amazon Credit Cards
Your Content and Devices
Your Music Library
Your Amazon Photos
Your Amazon Drive
Your Prime Video
Your Kindle Unlimited
Your Watchlist
Your Video Library
Your Android Apps & Devices
2020-01-02 21:01:368 INFO  WaitHelper :20 - waiting for element visibilityOf..
2020-01-02 21:01:438 INFO  WaitHelper :23 - element is visible..
2020-01-02 21:01:732 INFO  ServiceHooks :33 - Sign in with valid credential is Failed

  Scenario: Sign in with valid credential                     &amp#27;[90m# signinPage.feature:14&amp#27;[0m
    &amp#27;[32mWhen &amp#27;[0m&amp#27;[32mI hover over on sign in area&amp#27;[0m                         &amp#27;[90m# SigninPageStepDefinitions.i_hover_over_on_sign_in_area()&amp#27;[0m
    &amp#27;[32mAnd &amp#27;[0m&amp#27;[32mI click on signin button&amp#27;[0m                              &amp#27;[90m# SigninPageStepDefinitions.i_click_on_signin_button()&amp#27;[0m
    &amp#27;[31mAnd &amp#27;[0m&amp#27;[31mI enter email in input field as "&amp#27;[0m&amp#27;[31m&amp#27;[1mtofael483@gmail.com&amp#27;[0m&amp#27;[31m"&amp#27;[0m &amp#27;[90m# SigninPageStepDefinitions.i_enter_email_in_input_field_as(String)&amp#27;[0m
      &amp#27;[31morg.openqa.selenium.JavascriptException: javascript error: document.getElementByClass is not a function
        (Session info: chrome=79.0.3945.88)
      Build info: version: '3.141.59', revision: 'e82be7d358', time: '2018-11-14T08:17:03'
      System info: host: 'Mohammads-MacBook-Air.local', ip: 'fe80:0:0:0:896:29e6:d18c:3e44%en0', os.name: 'Mac OS X', os.arch: 'x86_64', os.version: '10.14.6', java.version: '1.8.0_221'
      Driver info: org.openqa.selenium.chrome.ChromeDriver
      Capabilities {acceptInsecureCerts: false, browserName: chrome, browserVersion: 79.0.3945.88, chrome: {chromedriverVersion: 79.0.3945.36 (3582db32b3389..., userDataDir: /var/folders/cf/591wgxqs2w9...}, goog:chromeOptions: {debuggerAddress: localhost:52493}, javascriptEnabled: true, networkConnectionEnabled: false, pageLoadStrategy: normal, platform: MAC, platformName: MAC, proxy: Proxy(), setWindowRect: true, strictFileInteractability: false, timeouts: {implicit: 0, pageLoad: 300000, script: 30000}, unhandledPromptBehavior: dismiss and notify}
      Session ID: 1bfebc61839ab82bf61aae4abc8bcd3c
      	at sun.reflect.NativeConstructorAccessorImpl.newInstance0(Native Method)
      	at sun.reflect.NativeConstructorAccessorImpl.newInstance(NativeConstructorAccessorImpl.java:62)
      	at sun.reflect.DelegatingConstructorAccessorImpl.newInstance(DelegatingConstructorAccessorImpl.java:45)
      	at java.lang.reflect.Constructor.newInstance(Constructor.java:423)
      	at org.openqa.selenium.remote.http.W3CHttpResponseCodec.createException(W3CHttpResponseCodec.java:187)
      	at org.openqa.selenium.remote.http.W3CHttpResponseCodec.decode(W3CHttpResponseCodec.java:122)
      	at org.openqa.selenium.remote.http.W3CHttpResponseCodec.decode(W3CHttpResponseCodec.java:49)
      	at org.openqa.selenium.remote.HttpCommandExecutor.execute(HttpCommandExecutor.java:158)
      	at org.openqa.selenium.remote.service.DriverCommandExecutor.execute(DriverCommandExecutor.java:83)
      	at org.openqa.selenium.remote.RemoteWebDriver.execute(RemoteWebDriver.java:552)
      	at org.openqa.selenium.remote.RemoteWebDriver.executeScript(RemoteWebDriver.java:489)
      	at com.amazonbdd.test.qa.stepdefinitions.SigninPageStepDefinitions.i_enter_email_in_input_field_as(SigninPageStepDefinitions.java:79)
      	at ✽.And I enter email in input field as "tofael483@gmail.com"(signinPage.feature:17)
      &amp#27;[0m
    &amp#27;[36mAnd &amp#27;[0m&amp#27;[36mI click in continue button&amp#27;[0m                            &amp#27;[90m# SigninPageStepDefinitions.i_click_in_continue_button()&amp#27;[0m
    &amp#27;[36mAnd &amp#27;[0m&amp#27;[36mI enter password in input field as "&amp#27;[0m&amp#27;[36m&amp#27;[1mNabeeha19&amp#27;[0m&amp#27;[36m"&amp#27;[0m        &amp#27;[90m# SigninPageStepDefinitions.i_enter_password_in_input_field_as(String)&amp#27;[0m
    &amp#27;[36mAnd &amp#27;[0m&amp#27;[36mI click in SignIn button&amp#27;[0m                              &amp#27;[90m# SigninPageStepDefinitions.i_click_in_SignIn_button()&amp#27;[0m
    &amp#27;[36mThen &amp#27;[0m&amp#27;[36mI sould see the title of the SignIn page&amp#27;[0m             &amp#27;[90m# SigninPageStepDefinitions.i_sould_see_the_title_of_the_SignIn_page()&amp#27;[0m
]]></system-out>
    <system-err><![CDATA[14796 [main] INFO io.github.bonigarcia.wdm.WebDriverManager - Using chromedriver 79.0.3945.36 (since Google Chrome 79 is installed in your machine)
14800 [main] INFO io.github.bonigarcia.wdm.WebDriverManager - Exporting webdriver.chrome.driver as /Users/mohammadsharkar/.m2/repository/webdriver/chromedriver/mac64/79.0.3945.36/chromedriver
Starting ChromeDriver 79.0.3945.36 (3582db32b33893869b8c1339e8f4d9ed1816f143-refs/branch-heads/3945@{#614}) on port 11175
Only local connections are allowed.
Please protect ports used by ChromeDriver and related test frameworks to prevent access by malicious code.
Jan 02, 2020 9:56:00 PM org.openqa.selenium.remote.ProtocolHandshake createSession
INFO: Detected dialect: W3C
]]></system-err>
  </testcase>
</testsuite>