<?xml version="1.0" encoding="UTF-8"?>
<!-- Generated by org.testng.reporters.JUnitXMLReporter -->
<testsuite hostname="Mohammads-MacBook-Air.local" name="Login Test" tests="2" failures="2" timestamp="3 Jan 2020 02:56:12 GMT" time="29.015" errors="0">
  <testcase name="feature" time="14.708" classname="com.amazonbdd.test.qa.testRunner.TestRunner">
    <failure type="cucumber.runtime.CucumberException" message="java.lang.AssertionError: Wedding Registry Page Title doesn&amp;apos;t match expected [Amazon Wedding] but found []">
      <![CDATA[cucumber.runtime.CucumberException: java.lang.AssertionError: Wedding Registry Page Title doesn't match expected [Amazon Wedding] but found []
	at cucumber.api.testng.TestNGCucumberRunner.runCucumber(TestNGCucumberRunner.java:69)
	at com.amazonbdd.test.qa.testRunner.TestRunner.feature(TestRunner.java:28)
Caused by: java.lang.AssertionError: Wedding Registry Page Title doesn't match expected [Amazon Wedding] but found []
	at com.amazonbdd.test.qa.stepdefinitions.RegistryPageStepDefinitions.i_naviagate_to_Registry_for_Wedding(RegistryPageStepDefinitions.java:41)
	at ✽.And I naviagate to Registry for Wedding(registryPage.feature:10)
... Removed 33 stack frames]]>
    </failure>
  </testcase> <!-- feature -->
  <testcase name="feature" time="13.766" classname="com.amazonbdd.test.qa.testRunner.TestRunner">
    <failure type="cucumber.runtime.CucumberException" message="org.openqa.selenium.JavascriptException: javascript error: document.getElementByClass is not a function
  (Session info: chrome=79.0.3945.88)
Build info: version: &amp;apos;3.141.59&amp;apos;, revision: &amp;apos;e82be7d358&amp;apos;, time: &amp;apos;2018-11-14T08:17:03&amp;apos;
System info: host: &amp;apos;Mohammads-MacBook-Air.local&amp;apos;, ip: &amp;apos;fe80:0:0:0:896:29e6:d18c:3e44%en0&amp;apos;, os.name: &amp;apos;Mac OS X&amp;apos;, os.arch: &amp;apos;x86_64&amp;apos;, os.version: &amp;apos;10.14.6&amp;apos;, java.version: &amp;apos;1.8.0_221&amp;apos;
Driver info: org.openqa.selenium.chrome.ChromeDriver
Capabilities {acceptInsecureCerts: false, browserName: chrome, browserVersion: 79.0.3945.88, chrome: {chromedriverVersion: 79.0.3945.36 (3582db32b3389..., userDataDir: /var/folders/cf/591wgxqs2w9...}, goog:chromeOptions: {debuggerAddress: localhost:52493}, javascriptEnabled: true, networkConnectionEnabled: false, pageLoadStrategy: normal, platform: MAC, platformName: MAC, proxy: Proxy(), setWindowRect: true, strictFileInteractability: false, timeouts: {implicit: 0, pageLoad: 300000, script: 30000}, unhandledPromptBehavior: dismiss and notify}
Session ID: 1bfebc61839ab82bf61aae4abc8bcd3c">
      <![CDATA[cucumber.runtime.CucumberException: org.openqa.selenium.JavascriptException: javascript error: document.getElementByClass is not a function
  (Session info: chrome=79.0.3945.88)
Build info: version: '3.141.59', revision: 'e82be7d358', time: '2018-11-14T08:17:03'
System info: host: 'Mohammads-MacBook-Air.local', ip: 'fe80:0:0:0:896:29e6:d18c:3e44%en0', os.name: 'Mac OS X', os.arch: 'x86_64', os.version: '10.14.6', java.version: '1.8.0_221'
Driver info: org.openqa.selenium.chrome.ChromeDriver
Capabilities {acceptInsecureCerts: false, browserName: chrome, browserVersion: 79.0.3945.88, chrome: {chromedriverVersion: 79.0.3945.36 (3582db32b3389..., userDataDir: /var/folders/cf/591wgxqs2w9...}, goog:chromeOptions: {debuggerAddress: localhost:52493}, javascriptEnabled: true, networkConnectionEnabled: false, pageLoadStrategy: normal, platform: MAC, platformName: MAC, proxy: Proxy(), setWindowRect: true, strictFileInteractability: false, timeouts: {implicit: 0, pageLoad: 300000, script: 30000}, unhandledPromptBehavior: dismiss and notify}
Session ID: 1bfebc61839ab82bf61aae4abc8bcd3c
	at cucumber.api.testng.TestNGCucumberRunner.runCucumber(TestNGCucumberRunner.java:69)
	at com.amazonbdd.test.qa.testRunner.TestRunner.feature(TestRunner.java:28)
Caused by: org.openqa.selenium.JavascriptException: javascript error: document.getElementByClass is not a function
  (Session info: chrome=79.0.3945.88)
Build info: version: '3.141.59', revision: 'e82be7d358', time: '2018-11-14T08:17:03'
System info: host: 'Mohammads-MacBook-Air.local', ip: 'fe80:0:0:0:896:29e6:d18c:3e44%en0', os.name: 'Mac OS X', os.arch: 'x86_64', os.version: '10.14.6', java.version: '1.8.0_221'
Driver info: org.openqa.selenium.chrome.ChromeDriver
Capabilities {acceptInsecureCerts: false, browserName: chrome, browserVersion: 79.0.3945.88, chrome: {chromedriverVersion: 79.0.3945.36 (3582db32b3389..., userDataDir: /var/folders/cf/591wgxqs2w9...}, goog:chromeOptions: {debuggerAddress: localhost:52493}, javascriptEnabled: true, networkConnectionEnabled: false, pageLoadStrategy: normal, platform: MAC, platformName: MAC, proxy: Proxy(), setWindowRect: true, strictFileInteractability: false, timeouts: {implicit: 0, pageLoad: 300000, script: 30000}, unhandledPromptBehavior: dismiss and notify}
Session ID: 1bfebc61839ab82bf61aae4abc8bcd3c
	at org.openqa.selenium.remote.http.W3CHttpResponseCodec.createException(W3CHttpResponseCodec.java:187)
	at org.openqa.selenium.remote.http.W3CHttpResponseCodec.decode(W3CHttpResponseCodec.java:122)
	at org.openqa.selenium.remote.http.W3CHttpResponseCodec.decode(W3CHttpResponseCodec.java:49)
	at org.openqa.selenium.remote.HttpCommandExecutor.execute(HttpCommandExecutor.java:158)
	at org.openqa.selenium.remote.service.DriverCommandExecutor.execute(DriverCommandExecutor.java:83)
	at org.openqa.selenium.remote.RemoteWebDriver.execute(RemoteWebDriver.java:552)
	at org.openqa.selenium.remote.RemoteWebDriver.executeScript(RemoteWebDriver.java:489)
	at com.amazonbdd.test.qa.stepdefinitions.SigninPageStepDefinitions.i_enter_email_in_input_field_as(SigninPageStepDefinitions.java:79)
	at ✽.And I enter email in input field as "tofael483@gmail.com"(signinPage.feature:17)
... Removed 32 stack frames]]>
    </failure>
  </testcase> <!-- feature -->
</testsuite> <!-- Login Test -->
